Build started 14/07/2014 05:54:20 م.
     1>Project "D:\c++\Code\Code FOrces\A. Black Square\A. Black Square\A. Black Square.vcxproj" on node 2 (Build target(s)).
     1>ClCompile:
         C:\Program Files (x86)\Microsoft Visual Studio 12.0\VC\bin\CL.exe /c /ZI /nologo /W3 /WX- /sdl /Od /Oy- /D WIN32 /D _DEBUG /D _CONSOLE /D _LIB /D _UNICODE /D UNICODE /Gm /EHsc /RTC1 /MDd /GS /fp:precise /Zc:wchar_t /Zc:forScope /Fo"Debug\\" /Fd"Debug\vc120.pdb" /Gd /TP /analyze- /errorReport:prompt Source.cpp
         Source.cpp
     1>d:\c++\code\code forces\a. black square\a. black square\source.cpp(32): error C2059: syntax error : '}'
     1>Done Building Project "D:\c++\Code\Code FOrces\A. Black Square\A. Black Square\A. Black Square.vcxproj" (Build target(s)) -- FAILED.

Build FAILED.

Time Elapsed 00:00:01.00
